<?xml version="1.0" encoding="UTF-8"?>
<!-- Generated by org.testng.reporters.JUnitReportReporter -->
<testsuite hostname="SHARDUL" failures="0" tests="1" name="com.herokuapp.test.Test_Notification_Messages" time="8.146" errors="0" timestamp="2023-08-03T17:07:58 IST" skipped="0">
  <testcase classname="com.herokuapp.test.Test_Notification_Messages" name="Notification_Messages" time="8.146"/>
  <system-out/>
</testsuite> <!-- com.herokuapp.test.Test_Notification_Messages -->
