<?xml version="1.0" encoding="UTF-8"?>
<!-- Generated by org.testng.reporters.JUnitReportReporter -->
<testsuite hostname="SHARDUL" failures="0" tests="1" name="com.herokuapp.test.Add_Rmove_Elements" time="2.638" errors="0" timestamp="2023-07-22T10:52:45 IST" skipped="0">
  <testcase classname="com.herokuapp.test.Add_Rmove_Elements" name="AddRemove" time="2.638"/>
  <system-out/>
</testsuite> <!-- com.herokuapp.test.Add_Rmove_Elements -->
