<?xml version="1.0" encoding="UTF-8"?>
<!-- Generated by org.testng.reporters.JUnitReportReporter -->
<testsuite hostname="SHARDUL" failures="0" tests="1" name="com.herokuapp.test.Test_Dropdown" time="3.561" errors="0" timestamp="2023-08-03T17:11:36 IST" skipped="0">
  <testcase classname="com.herokuapp.test.Test_Dropdown" name="DragandDrop" time="3.561"/>
  <system-out/>
</testsuite> <!-- com.herokuapp.test.Test_Dropdown -->
