<?xml version="1.0" encoding="UTF-8"?>
<!-- Generated by org.testng.reporters.JUnitReportReporter -->
<testsuite hostname="SHARDUL" failures="0" tests="1" name="com.herokuapp.test.Test_ContextMenu" time="0.866" errors="0" timestamp="2023-08-03T17:07:58 IST" skipped="0">
  <testcase classname="com.herokuapp.test.Test_ContextMenu" name="contextmenu" time="0.866"/>
  <system-out/>
</testsuite> <!-- com.herokuapp.test.Test_ContextMenu -->
