<?xml version="1.0" encoding="UTF-8"?>
<!-- Generated by org.testng.reporters.JUnitReportReporter -->
<testsuite hostname="SHARDUL" failures="0" tests="1" name="com.herokuapp.test.Test_Slow_Resources" time="0.367" errors="0" timestamp="2023-08-26T09:19:31 IST" skipped="0">
  <testcase classname="com.herokuapp.test.Test_Slow_Resources" name="Slow_Resources" time="0.367"/>
  <system-out/>
</testsuite> <!-- com.herokuapp.test.Test_Slow_Resources -->
