<?xml version="1.0" encoding="UTF-8"?>
<!-- Generated by org.testng.reporters.JUnitReportReporter -->
<testsuite hostname="SHARDUL" failures="0" tests="1" name="com.herokuapp.test.Test_Add_Rmove_Elements" time="1.294" errors="0" timestamp="2023-08-26T09:15:00 IST" skipped="0">
  <testcase classname="com.herokuapp.test.Test_Add_Rmove_Elements" name="AddRemove" time="1.294"/>
  <system-out/>
</testsuite> <!-- com.herokuapp.test.Test_Add_Rmove_Elements -->
