<?xml version="1.0" encoding="UTF-8"?>
<!-- Generated by org.testng.reporters.JUnitReportReporter -->
<testsuite hostname="SHARDUL" failures="0" tests="1" name="com.herokuapp.test.Test_DynamicControls" time="7.791" errors="0" timestamp="2023-08-03T17:07:58 IST" skipped="0">
  <testcase classname="com.herokuapp.test.Test_DynamicControls" name="DynamicControls" time="7.791"/>
  <system-out/>
</testsuite> <!-- com.herokuapp.test.Test_DynamicControls -->
