<?xml version="1.0" encoding="UTF-8"?>
<!-- Generated by org.testng.reporters.JUnitReportReporter -->
<testsuite hostname="SHARDUL" failures="0" tests="1" name="com.herokuapp.test.BasicAuth" time="3.514" errors="0" timestamp="2023-07-22T18:40:46 IST" skipped="0">
  <testcase classname="com.herokuapp.test.BasicAuth" name="BasicAuth" time="3.514"/>
  <system-out/>
</testsuite> <!-- com.herokuapp.test.BasicAuth -->
