<?xml version="1.0" encoding="UTF-8"?>
<!-- Generated by org.testng.reporters.JUnitReportReporter -->
<testsuite hostname="SHARDUL" failures="0" tests="1" name="com.herokuapp.test.Test_Forgot_Password" time="1.423" errors="0" timestamp="2023-08-03T17:07:58 IST" skipped="0">
  <testcase classname="com.herokuapp.test.Test_Forgot_Password" name="Forgot_Password" time="1.423"/>
  <system-out/>
</testsuite> <!-- com.herokuapp.test.Test_Forgot_Password -->
