<?xml version="1.0" encoding="UTF-8"?>
<!-- Generated by org.testng.reporters.JUnitReportReporter -->
<testsuite hostname="SHARDUL" failures="0" tests="1" name="com.herokuapp.test.Test_Status_Codes" time="2.925" errors="0" timestamp="2023-08-26T09:18:31 IST" skipped="0">
  <testcase classname="com.herokuapp.test.Test_Status_Codes" name="Status_Codes" time="2.925"/>
  <system-out/>
</testsuite> <!-- com.herokuapp.test.Test_Status_Codes -->
