<?xml version="1.0" encoding="UTF-8"?>
<!-- Generated by org.testng.reporters.JUnitReportReporter -->
<testsuite hostname="SHARDUL" failures="0" tests="1" name="com.herokuapp.test.Test_DragandDrop" time="13.087" errors="0" timestamp="2023-08-03T17:11:03 IST" skipped="0">
  <testcase classname="com.herokuapp.test.Test_DragandDrop" name="DragandDrop" time="13.087"/>
  <system-out/>
</testsuite> <!-- com.herokuapp.test.Test_DragandDrop -->
